16:23:53.970 [main] ERROR com.appache.log.beta.Demo - Hello error!!!
16:23:54.017 [main] INFO  com.appache.log.beta.Demo - Hello info!!!
16:23:57.068 [main] ERROR com.appache.log.beta.Demo - Hello error!!!
16:23:57.083 [main] INFO  com.appache.log.beta.Demo - Hello info!!!
16:26:46.474 [main] ERROR com.appache.log.alpha.A_WithoutConfigurationFile - Hello error!!!
16:26:46.484 [main] INFO  com.appache.log.alpha.A_WithoutConfigurationFile - Hello info!!!
16:26:46.485 [main] FATAL com.appache.log.alpha.A_WithoutConfigurationFile - Hello fatal!!!
16:26:46.486 [main] WARN  com.appache.log.alpha.A_WithoutConfigurationFile - Hello warn!!!
16:26:46.524 [main] FATAL com.appache.log.alpha.A_WithoutConfigurationFile - Hello fatal!!!
16:26:58.974 [main] ERROR com.appache.log.beta.Demo - Hello error!!!
16:26:59.003 [main] INFO  com.appache.log.beta.Demo - Hello info!!!
16:27:49.448 [main] ERROR com.appache.log.alpha.A_WithoutConfigurationFile - Hello error!!!
16:27:49.478 [main] INFO  com.appache.log.alpha.A_WithoutConfigurationFile - Hello info!!!
16:27:49.478 [main] FATAL com.appache.log.alpha.A_WithoutConfigurationFile - Hello fatal!!!
16:27:49.478 [main] WARN  com.appache.log.alpha.A_WithoutConfigurationFile - Hello warn!!!
16:27:49.478 [main] FATAL com.appache.log.alpha.A_WithoutConfigurationFile - Hello fatal!!!
16:28:04.071 [main] ERROR com.appache.log.alpha.A_WithoutConfigurationFile - Hello error!!!
16:28:04.100 [main] INFO  com.appache.log.alpha.A_WithoutConfigurationFile - Hello info!!!
16:28:04.100 [main] FATAL com.appache.log.alpha.A_WithoutConfigurationFile - Hello fatal!!!
16:28:04.100 [main] WARN  com.appache.log.alpha.A_WithoutConfigurationFile - Hello warn!!!
16:28:04.100 [main] FATAL com.appache.log.alpha.A_WithoutConfigurationFile - Hello fatal!!!
16:28:15.788 [main] ERROR com.appache.log.beta.Demo - Hello error!!!
16:28:15.818 [main] INFO  com.appache.log.beta.Demo - Hello info!!!
16:29:33.539 [main] ERROR com.appache.log.beta.Demo - Hello error!!!
16:29:33.567 [main] INFO  com.appache.log.beta.Demo - Hello info!!!
16:29:40.158 [main] ERROR com.appache.log.alpha.A_WithoutConfigurationFile - Hello error!!!
16:29:40.189 [main] INFO  com.appache.log.alpha.A_WithoutConfigurationFile - Hello info!!!
16:29:40.189 [main] FATAL com.appache.log.alpha.A_WithoutConfigurationFile - Hello fatal!!!
16:29:40.189 [main] WARN  com.appache.log.alpha.A_WithoutConfigurationFile - Hello warn!!!
16:29:40.189 [main] FATAL com.appache.log.alpha.A_WithoutConfigurationFile - Hello fatal!!!
16:29:52.084 [main] ERROR com.appache.log.beta.Demo - Hello error!!!
16:29:52.125 [main] INFO  com.appache.log.beta.Demo - Hello info!!!
16:30:02.057 [main] ERROR com.appache.log.alpha.A_WithoutConfigurationFile - Hello error!!!
16:30:02.086 [main] INFO  com.appache.log.alpha.A_WithoutConfigurationFile - Hello info!!!
16:30:02.086 [main] FATAL com.appache.log.alpha.A_WithoutConfigurationFile - Hello fatal!!!
16:30:02.086 [main] WARN  com.appache.log.alpha.A_WithoutConfigurationFile - Hello warn!!!
16:30:02.086 [main] FATAL com.appache.log.alpha.A_WithoutConfigurationFile - Hello fatal!!!
16:34:25.434 [main] ERROR com.appache.log.beta.Demo - Hello error!!!
16:34:25.465 [main] INFO  com.appache.log.beta.Demo - Hello info!!!
16:36:02.266 [main] ERROR com.appache.log.alpha.A_WithoutConfigurationFile - Hello error!!!
16:36:02.296 [main] INFO  com.appache.log.alpha.A_WithoutConfigurationFile - Hello info!!!
16:36:02.296 [main] FATAL com.appache.log.alpha.A_WithoutConfigurationFile - Hello fatal!!!
16:36:02.296 [main] WARN  com.appache.log.alpha.A_WithoutConfigurationFile - Hello warn!!!
16:36:02.296 [main] FATAL com.appache.log.alpha.A_WithoutConfigurationFile - Hello fatal!!!
