20:22:21.439 [main] INFO  com.appache.log.beta.DemoPro - Start
20:22:21.947 [main] INFO  com.appache.log.beta.DemoPro - Mumbai
20:22:22.447 [main] INFO  com.appache.log.beta.DemoPro - Bangalore
20:22:22.948 [main] INFO  com.appache.log.beta.DemoPro - Hyderabad
20:22:23.448 [main] INFO  com.appache.log.beta.DemoPro - Bhubaneswar
20:22:23.950 [main] INFO  com.appache.log.beta.DemoPro - Delhi
20:22:24.450 [main] INFO  com.appache.log.beta.DemoPro - Mysore
20:22:24.951 [main] INFO  com.appache.log.beta.DemoPro - Pune
20:22:25.451 [main] INFO  com.appache.log.beta.DemoPro - Navi Mumbai
20:22:25.951 [main] INFO  com.appache.log.beta.DemoPro - Goa
20:22:26.452 [main] INFO  com.appache.log.beta.DemoPro - Kolkata
20:22:26.952 [main] INFO  com.appache.log.beta.DemoPro - Odisha
20:22:27.453 [main] INFO  com.appache.log.beta.DemoPro - Vizag
 

20:22:37.721 [main] INFO  com.appache.log.beta.DemoPro - Start
20:22:38.228 [main] INFO  com.appache.log.beta.DemoPro - Mumbai
20:22:38.728 [main] INFO  com.appache.log.beta.DemoPro - Bangalore
20:22:39.229 [main] INFO  com.appache.log.beta.DemoPro - Hyderabad
20:22:39.729 [main] INFO  com.appache.log.beta.DemoPro - Bhubaneswar
20:22:40.229 [main] INFO  com.appache.log.beta.DemoPro - Delhi
20:22:40.730 [main] INFO  com.appache.log.beta.DemoPro - Mysore
20:22:41.230 [main] INFO  com.appache.log.beta.DemoPro - Pune
20:22:41.731 [main] INFO  com.appache.log.beta.DemoPro - Navi Mumbai
20:22:42.231 [main] INFO  com.appache.log.beta.DemoPro - Goa
20:22:42.731 [main] INFO  com.appache.log.beta.DemoPro - Kolkata
20:22:43.232 [main] INFO  com.appache.log.beta.DemoPro - Odisha
20:22:43.736 [main] INFO  com.appache.log.beta.DemoPro - Vizag
 

22:56:05.618 [main] INFO  com.appache.log.beta.DemoPro - Start
22:56:06.135 [main] INFO  com.appache.log.beta.DemoPro - Mumbai
22:56:06.647 [main] INFO  com.appache.log.beta.DemoPro - Bangalore
22:56:07.149 [main] INFO  com.appache.log.beta.DemoPro - Hyderabad
22:56:07.660 [main] INFO  com.appache.log.beta.DemoPro - Bhubaneswar
22:56:08.160 [main] INFO  com.appache.log.beta.DemoPro - Delhi
22:56:08.676 [main] INFO  com.appache.log.beta.DemoPro - Mysore
22:56:09.183 [main] INFO  com.appache.log.beta.DemoPro - Pune
22:56:09.707 [main] INFO  com.appache.log.beta.DemoPro - Navi Mumbai
22:56:10.218 [main] INFO  com.appache.log.beta.DemoPro - Goa
22:56:10.723 [main] INFO  com.appache.log.beta.DemoPro - Kolkata
22:56:11.229 [main] INFO  com.appache.log.beta.DemoPro - Odisha
22:56:11.743 [main] INFO  com.appache.log.beta.DemoPro - Vizag


23:04:01.120 [main] INFO  com.appache.log.beta.DemoPro - Start
23:04:01.628 [main] INFO  com.appache.log.beta.DemoPro - Mumbai
23:04:02.128 [main] INFO  com.appache.log.beta.DemoPro - Bangalore
23:04:02.629 [main] INFO  com.appache.log.beta.DemoPro - Hyderabad
23:04:03.129 [main] INFO  com.appache.log.beta.DemoPro - Bhubaneswar
23:04:03.629 [main] INFO  com.appache.log.beta.DemoPro - Delhi
23:04:04.169 [main] INFO  com.appache.log.beta.DemoPro - Mysore
23:04:04.669 [main] INFO  com.appache.log.beta.DemoPro - Pune
23:04:05.170 [main] INFO  com.appache.log.beta.DemoPro - Navi Mumbai
23:04:05.670 [main] INFO  com.appache.log.beta.DemoPro - Goa
23:04:06.170 [main] INFO  com.appache.log.beta.DemoPro - Kolkata
23:04:06.671 [main] INFO  com.appache.log.beta.DemoPro - Odisha
23:04:07.171 [main] INFO  com.appache.log.beta.DemoPro - Vizag


23:04:55.923 [main] INFO  com.appache.log.beta.DemoPro - Start
23:04:56.431 [main] INFO  com.appache.log.beta.DemoPro - Mumbai
23:04:56.931 [main] INFO  com.appache.log.beta.DemoPro - Bangalore
23:04:57.432 [main] INFO  com.appache.log.beta.DemoPro - Hyderabad
23:04:57.932 [main] INFO  com.appache.log.beta.DemoPro - Bhubaneswar
23:04:58.432 [main] INFO  com.appache.log.beta.DemoPro - Delhi
23:04:58.932 [main] INFO  com.appache.log.beta.DemoPro - Mysore
23:04:59.433 [main] INFO  com.appache.log.beta.DemoPro - Pune
23:04:59.934 [main] INFO  com.appache.log.beta.DemoPro - Navi Mumbai
23:05:00.434 [main] INFO  com.appache.log.beta.DemoPro - Goa
23:05:00.934 [main] INFO  com.appache.log.beta.DemoPro - Kolkata
23:05:01.434 [main] INFO  com.appache.log.beta.DemoPro - Odisha
23:05:01.935 [main] INFO  com.appache.log.beta.DemoPro - Vizag


